Остановка и удаление старого контейнера...
telegram-bot-container
telegram-bot-container
Пересборка образа...
#0 building with "default" instance using docker driver

#1 [internal] load build definition from Dockerfile
#1 transferring dockerfile: 452B done
#1 DONE 0.0s

#2 [internal] load metadata for docker.io/library/python:3.9-slim
#2 DONE 0.5s

#3 [internal] load .dockerignore
#3 transferring context: 2B done
#3 DONE 0.0s

#4 [1/4] FROM docker.io/library/python:3.9-slim@sha256:9aa5793609640ecea2f06451a0d6f379330880b413f954933289cf3b27a78567
#4 DONE 0.0s

#5 [internal] load build context
#5 transferring context: 5.99kB done
#5 DONE 0.0s

#6 [2/4] WORKDIR /app
#6 CACHED

#7 [3/4] COPY . .
#7 DONE 0.1s

#8 [4/4] RUN pip install python-telegram-bot
#8 2.303 Collecting python-telegram-bot
#8 2.445   Downloading python_telegram_bot-22.0-py3-none-any.whl (673 kB)
#8 2.541      ━━━━━━━━━━━━━━━━━━━━━━━━━━━━━━━━━━━━━━━ 673.5/673.5 kB 7.3 MB/s eta 0:00:00
#8 2.678 Collecting httpx~=0.27
#8 2.703   Downloading httpx-0.28.1-py3-none-any.whl (73 kB)
#8 2.717      ━━━━━━━━━━━━━━━━━━━━━━━━━━━━━━━━━━━━━━━━ 73.5/73.5 kB 7.4 MB/s eta 0:00:00
#8 2.829 Collecting httpcore==1.*
#8 2.852   Downloading httpcore-1.0.8-py3-none-any.whl (78 kB)
#8 2.867      ━━━━━━━━━━━━━━━━━━━━━━━━━━━━━━━━━━━━━━━━ 78.7/78.7 kB 7.3 MB/s eta 0:00:00
#8 2.936 Collecting certifi
#8 2.959   Downloading certifi-2025.1.31-py3-none-any.whl (166 kB)
#8 2.971      ━━━━━━━━━━━━━━━━━━━━━━━━━━━━━━━━━━━━━━ 166.4/166.4 kB 16.8 MB/s eta 0:00:00
#8 3.075 Collecting idna
#8 3.098   Downloading idna-3.10-py3-none-any.whl (70 kB)
#8 3.109      ━━━━━━━━━━━━━━━━━━━━━━━━━━━━━━━━━━━━━━━━ 70.4/70.4 kB 7.4 MB/s eta 0:00:00
#8 3.185 Collecting anyio
#8 3.208   Downloading anyio-4.9.0-py3-none-any.whl (100 kB)
#8 3.220      ━━━━━━━━━━━━━━━━━━━━━━━━━━━━━━━━━━━━━━ 100.9/100.9 kB 11.4 MB/s eta 0:00:00
#8 3.273 Collecting h11<0.15,>=0.13
#8 3.295   Downloading h11-0.14.0-py3-none-any.whl (58 kB)
#8 3.306      ━━━━━━━━━━━━━━━━━━━━━━━━━━━━━━━━━━━━━━━━ 58.3/58.3 kB 6.3 MB/s eta 0:00:00
#8 3.385 Collecting exceptiongroup>=1.0.2
#8 3.408   Downloading exceptiongroup-1.2.2-py3-none-any.whl (16 kB)
#8 3.476 Collecting typing_extensions>=4.5
#8 3.498   Downloading typing_extensions-4.13.2-py3-none-any.whl (45 kB)
#8 3.508      ━━━━━━━━━━━━━━━━━━━━━━━━━━━━━━━━━━━━━━━━ 45.8/45.8 kB 5.3 MB/s eta 0:00:00
#8 3.550 Collecting sniffio>=1.1
#8 3.574   Downloading sniffio-1.3.1-py3-none-any.whl (10 kB)
#8 3.702 Installing collected packages: typing_extensions, sniffio, idna, h11, exceptiongroup, certifi, httpcore, anyio, httpx, python-telegram-bot
#8 4.698 Successfully installed anyio-4.9.0 certifi-2025.1.31 exceptiongroup-1.2.2 h11-0.14.0 httpcore-1.0.8 httpx-0.28.1 idna-3.10 python-telegram-bot-22.0 sniffio-1.3.1 typing_extensions-4.13.2
#8 4.698 WARNING: Running pip as the 'root' user can result in broken permissions and conflicting behaviour with the system package manager. It is recommended to use a virtual environment instead: https://pip.pypa.io/warnings/venv
#8 4.925 
#8 4.925 [notice] A new release of pip is available: 23.0.1 -> 25.0.1
#8 4.925 [notice] To update, run: pip install --upgrade pip
#8 DONE 5.2s

#9 exporting to image
#9 exporting layers
#9 exporting layers 0.3s done
#9 writing image sha256:155da78dcf1b7c789f6a85cdc6f00092244de8bcb95d48d4e056c820d87fe115
#9 writing image sha256:155da78dcf1b7c789f6a85cdc6f00092244de8bcb95d48d4e056c820d87fe115 done
#9 naming to docker.io/library/telegram-bot done
#9 DONE 0.4s
Запуск нового контейнера...
c354aef82f898a8d9aa245164fe68636f39f42c6d507cf1b072a3c24746fa1db
Проверка состояния контейнера...

Последние логи контейнера:

✅ Обновление завершено успешно!
