Остановка и удаление старого контейнера...
telegram-bot-container
telegram-bot-container
Пересборка образа...
#0 building with "default" instance using docker driver

#1 [internal] load build definition from Dockerfile
#1 transferring dockerfile: 239B done
#1 DONE 0.0s

#2 [internal] load metadata for docker.io/library/python:3.9-slim
#2 DONE 0.5s

#3 [internal] load .dockerignore
#3 transferring context: 2B done
#3 DONE 0.0s

#4 [1/5] FROM docker.io/library/python:3.9-slim@sha256:9aa5793609640ecea2f06451a0d6f379330880b413f954933289cf3b27a78567
#4 DONE 0.0s

#5 [internal] load build context
#5 transferring context: 8.95kB done
#5 DONE 0.0s

#6 [2/5] WORKDIR /app
#6 CACHED

#7 [3/5] COPY requirements.txt .
#7 CACHED

#8 [4/5] RUN pip install --no-cache-dir -r requirements.txt  # Флаг --no-cache-dir исключает кэш
#8 CACHED

#9 [5/5] COPY . .
#9 DONE 0.1s

#10 exporting to image
#10 exporting layers 0.1s done
#10 writing image sha256:e469aa7daad4d120b0de1b82d98e04cf43ee4a92f0a9a00e9451f8802ab65253 done
#10 naming to docker.io/library/telegram-bot 0.0s done
#10 DONE 0.1s
Запуск нового контейнера...
b821acf16d5cd97cf7e69de628931af5869a53aa02a1b1a3b2d32e5e8cd10e02
Проверка состояния контейнера...

Последние логи контейнера:

✅ Обновление завершено успешно!
