Остановка и удаление старого контейнера...
telegram-bot-container
telegram-bot-container
Пересборка образа...
#0 building with "default" instance using docker driver

#1 [internal] load build definition from Dockerfile
#1 transferring dockerfile: 186B done
#1 DONE 0.0s

#2 [internal] load metadata for docker.io/library/python:3.9-slim
#2 DONE 0.5s

#3 [internal] load .dockerignore
#3 transferring context: 2B done
#3 DONE 0.0s

#4 [1/5] FROM docker.io/library/python:3.9-slim@sha256:9aa5793609640ecea2f06451a0d6f379330880b413f954933289cf3b27a78567
#4 DONE 0.0s

#5 [internal] load build context
#5 transferring context: 7.92kB done
#5 DONE 0.0s

#6 [2/5] WORKDIR /app
#6 CACHED

#7 [3/5] COPY requirements.txt .
#7 CACHED

#8 [4/5] RUN pip install --no-cache-dir -r requirements.txt
#8 CACHED

#9 [5/5] COPY . .
#9 DONE 0.1s

#10 exporting to image
#10 exporting layers 0.1s done
#10 writing image sha256:c52ea0c990abe0b5f6a534a64c3e02980b66cd08d454c348e2120f7dd16ec96c done
#10 naming to docker.io/library/telegram-bot 0.0s done
#10 DONE 0.1s
Запуск нового контейнера...
6c6493571e7fc8aff16089a22970d6129b537595fd9c9d0f7250e0bb6d595c52
Проверка состояния контейнера...

Последние логи контейнера:

✅ Обновление завершено успешно!
