Остановка и удаление старого контейнера...
telegram-bot-container
telegram-bot-container
Пересборка образа...
#0 building with "default" instance using docker driver

#1 [internal] load build definition from Dockerfile
#1 transferring dockerfile: 239B done
#1 DONE 0.0s

#2 [internal] load metadata for docker.io/library/python:3.9-slim
#2 DONE 0.4s

#3 [internal] load .dockerignore
#3 transferring context: 2B done
#3 DONE 0.0s

#4 [1/5] FROM docker.io/library/python:3.9-slim@sha256:9aa5793609640ecea2f06451a0d6f379330880b413f954933289cf3b27a78567
#4 DONE 0.0s

#5 [internal] load build context
#5 transferring context: 9.13kB 0.0s done
#5 DONE 0.1s

#6 [2/5] WORKDIR /app
#6 CACHED

#7 [3/5] COPY requirements.txt .
#7 CACHED

#8 [4/5] RUN pip install --no-cache-dir -r requirements.txt  # Флаг --no-cache-dir исключает кэш
#8 CACHED

#9 [5/5] COPY . .
#9 DONE 0.1s

#10 exporting to image
#10 exporting layers 0.1s done
#10 writing image sha256:315a2fcf3ba35d91e007f08a26993ad26f3ada4a53c5f6a69b98d2ba52afe4ee done
#10 naming to docker.io/library/telegram-bot done
#10 DONE 0.1s
Запуск нового контейнера...
e5f38b1957be78c4b461d9d58519bc2adbcb55fcbb5f88f4d38436b260ec9804
Проверка состояния контейнера...

Последние логи контейнера:

✅ Обновление завершено успешно!
