Остановка и удаление старого контейнера...
telegram-bot-container
telegram-bot-container
Пересборка образа...
#0 building with "default" instance using docker driver

#1 [internal] load build definition from Dockerfile
#1 transferring dockerfile: 239B done
#1 DONE 0.0s

#2 [internal] load metadata for docker.io/library/python:3.9-slim
#2 DONE 1.1s

#3 [internal] load .dockerignore
#3 transferring context: 2B done
#3 DONE 0.0s

#4 [1/5] FROM docker.io/library/python:3.9-slim@sha256:9aa5793609640ecea2f06451a0d6f379330880b413f954933289cf3b27a78567
#4 resolve docker.io/library/python:3.9-slim@sha256:9aa5793609640ecea2f06451a0d6f379330880b413f954933289cf3b27a78567 0.0s done
#4 sha256:9aa5793609640ecea2f06451a0d6f379330880b413f954933289cf3b27a78567 10.41kB / 10.41kB done
#4 sha256:d6e2ddca278e1b84c1a934ca8f07bbbfe6b6ec936a0b68107c862769f66734fa 1.75kB / 1.75kB done
#4 sha256:501f96d59d707efd12df137b6d001069e83068678ef241ca5bdaf05882636b79 5.29kB / 5.29kB done
#4 DONE 0.2s

#5 [internal] load build context
#5 transferring context: 98.68kB 0.0s done
#5 DONE 0.1s

#6 [2/5] WORKDIR /app
#6 DONE 0.1s

#7 [3/5] COPY requirements.txt .
#7 DONE 0.1s

#8 [4/5] RUN pip install --no-cache-dir -r requirements.txt  # Флаг --no-cache-dir исключает кэш
#8 2.152 WARNING: Running pip as the 'root' user can result in broken permissions and conflicting behaviour with the system package manager. It is recommended to use a virtual environment instead: https://pip.pypa.io/warnings/venv
#8 2.433 
#8 2.433 [notice] A new release of pip is available: 23.0.1 -> 25.0.1
#8 2.433 [notice] To update, run: pip install --upgrade pip
#8 DONE 2.7s

#9 [5/5] COPY . .
#9 DONE 0.1s

#10 exporting to image
#10 exporting layers
#10 exporting layers 0.2s done
#10 writing image sha256:ca869f3f7301c17333c6c4b98225b0c4ae373317d161dd8798b66a7c636b5d09 done
#10 naming to docker.io/library/telegram-bot 0.0s done
#10 DONE 0.2s
Запуск нового контейнера...
428fc09a9d3034411c992bd61f0f6ffca5a1a1c9afd372f84e71581ab638cbba
Проверка состояния контейнера...

Последние логи контейнера:

✅ Обновление завершено успешно!
